<?xml version="1.0" encoding="UTF-8"?>
<testsuite name="MainTest$EmployeeTest" tests="3" skipped="0" failures="0" errors="0" timestamp="2021-09-04T08:35:09" hostname="DESKTOP-GL51EVU" time="0.016">
  <properties/>
  <testcase name="getFirstNameTest()" classname="MainTest$EmployeeTest" time="0.013"/>
  <testcase name="endLastnameTest()" classname="MainTest$EmployeeTest" time="0.002"/>
  <testcase name="containsLastnameTest()" classname="MainTest$EmployeeTest" time="0.001"/>
  <system-out><![CDATA[]]></system-out>
  <system-err><![CDATA[]]></system-err>
</testsuite>
