<?xml version="1.0" encoding="UTF-8"?>
<testsuite name="MainTest" tests="2" skipped="0" failures="0" errors="0" timestamp="2021-09-04T08:35:09" hostname="DESKTOP-GL51EVU" time="0.093">
  <properties/>
  <testcase name="ParseCSVTest()" classname="MainTest" time="0.073"/>
  <testcase name="ParseXMLTest()" classname="MainTest" time="0.019"/>
  <system-out><![CDATA[]]></system-out>
  <system-err><![CDATA[]]></system-err>
</testsuite>
